<?xml version="1.0" encoding="UTF-8"?>
<testsuite xmlns:xsi="http://www.w3.org/2001/XMLSchema-instance" xsi:noNamespaceSchemaLocation="https://maven.apache.org/surefire/maven-surefire-plugin/xsd/surefire-test-report-3.0.xsd" version="3.0" name="uk.ac.newcastle.enterprisemiddleware.customer.CustomerRestServiceTest" time="20.585" tests="5" errors="0" skipped="0" failures="0">
  <properties>
[...]
</properties>
  <testcase name="testCreateCustomerSuccess" classname="uk.ac.newcastle.enterprisemiddleware.customer.CustomerRestServiceTest" time="5.028">
    <system-out><![CDATA[2025-11-14 13:08:59 INFO  [org.jbo.threads] (main) JBoss Threads version 3.4.2.Final
2025-11-14 13:09:00 WARN  [io.qua.res.cli.rea.dep.RestClientReactiveProcessor] (build-15) Unsupported default scope {} provided for rest client {}. Defaulting to {}
[INFO] H2 database started in TCP server mode; server status: TCP server running at tcp://10.58.218.63:9092 (only local connections)
2025-11-14 13:09:04 WARN  [io.qua.config] (main) Unrecognized configuration key "quarkus.log.console.json" was provided; it will be ignored; verify that the dependency extension for this configuration is set or that you did not make a typo
2025-11-14 13:09:05 INFO  [org.hib.id.enh.TableGenerator] (main) HHH000398: Explicit segment value for id generator [hibernate_sequences.sequence_name] suggested; using default [default]
Hibernate: 
    
    drop table if exists contact CASCADE 
Hibernate: 
    
    drop table if exists customer CASCADE 
Hibernate: 
    
    drop table if exists global_booking CASCADE 
Hibernate: 
    
    drop table if exists hibernate_sequences CASCADE 
Hibernate: 
    
    drop table if exists hotel CASCADE 
Hibernate: 
    
    drop table if exists hotel_booking CASCADE 
Hibernate: 
    
    create table contact (
       id bigint not null,
        birth_date date,
        email varchar(255),
        first_name varchar(255),
        last_name varchar(255),
        phone_number varchar(255),
        state varchar(255),
        primary key (id)
    )
Hibernate: 
    
    create table customer (
       id bigint generated by default as identity,
        email varchar(255),
        name varchar(255),
        phoneNumber varchar(255),
        primary key (id)
    )
Hibernate: 
    
    create table global_booking (
       id varchar(255) not null,
        booking_date timestamp,
        booking_entity TEXT,
        status integer,
        customer_id bigint,
        primary key (id)
    )
Hibernate: 
    
    create table hibernate_sequences (
       sequence_name varchar(255) not null,
        next_val bigint,
        primary key (sequence_name)
    )
Hibernate: 
    
    insert into hibernate_sequences(sequence_name, next_val) values ('default',0)
Hibernate: 
    
    create table hotel (
       id bigint generated by default as identity,
        name varchar(255),
        phone_number varchar(255),
        postcode varchar(255),
        primary key (id)
    )
Hibernate: 
    
    create table hotel_booking (
       id bigint generated by default as identity,
        booking_date timestamp,
        global_booking_id varchar(255),
        status integer,
        hotel_id bigint,
        primary key (id)
    )
Hibernate: 
    
    alter table contact 
       add constraint UKgnqwbwwcn7x0m5jlt4158dass unique (email)
Hibernate: 
    
    alter table customer 
       add constraint UKdwk6cx0afu8bs9o4t536v1j5v unique (email)
Hibernate: 
    
    alter table hotel 
       add constraint UKr64kkh0un4cc0fovj8af1wxdb unique (phone_number)
Hibernate: 
    
    alter table hotel_booking 
       add constraint UKnqnrsu32m4k26001yyacbk2ny unique (hotel_id, global_booking_id, booking_date)
Hibernate: 
    
    alter table global_booking 
       add constraint FK_CUSTOMER_ID 
       foreign key (customer_id) 
       references customer
Hibernate: 
    
    alter table hotel_booking 
       add constraint FK_HOTEL_ID 
       foreign key (hotel_id) 
       references hotel
2025-11-14 13:09:09 INFO  [io.quarkus] (main) csc8104 1.0.0-SNAPSHOT on JVM (powered by Quarkus 2.10.3.Final) started in 12.481s. Listening on: http://localhost:63567
2025-11-14 13:09:09 INFO  [io.quarkus] (main) Profile test activated. 
2025-11-14 13:09:09 INFO  [io.quarkus] (main) Installed features: [agroal, cdi, hibernate-orm, hibernate-validator, jdbc-h2, kubernetes, narayana-jta, rest-client-reactive, rest-client-reactive-jackson, resteasy-reactive, resteasy-reactive-jackson, smallrye-context-propagation, smallrye-openapi, swagger-ui, vertx]
2025-11-14 13:09:13 INFO  [uk.ac.new.ent.cus.CustomerService] (executor-thread-0) Creating customer: Customer{id=null, name='John', email='john@example.com', phoneNumber='01234567890'}
Hibernate: 
    insert 
    into
        customer
        (id, email, name, phoneNumber) 
    values
        (default, ?, ?, ?)
2025-11-14 13:09:13 INFO  [uk.ac.new.ent.cus.CustomerRestService] (executor-thread-0) createCustomer completed = Customer{id=1, name='John', email='john@example.com', phoneNumber='01234567890'}
]]></system-out>
  </testcase>
  <testcase name="testCreateCustomerUniquenessFailure" classname="uk.ac.newcastle.enterprisemiddleware.customer.CustomerRestServiceTest" time="0.111">
    <system-out><![CDATA[2025-11-14 13:09:14 INFO  [uk.ac.new.ent.cus.CustomerService] (executor-thread-0) Creating customer: Customer{id=null, name='John', email='john@example.com', phoneNumber='09876543210'}
Hibernate: 
    insert 
    into
        customer
        (id, email, name, phoneNumber) 
    values
        (default, ?, ?, ?)
2025-11-14 13:09:14 WARN  [org.hib.eng.jdb.spi.SqlExceptionHelper] (executor-thread-0) SQL Error: 23505, SQLState: 23505
2025-11-14 13:09:14 ERROR [org.hib.eng.jdb.spi.SqlExceptionHelper] (executor-thread-0) Unique index or primary key violation: "PUBLIC.UKDWK6CX0AFU8BS9O4T536V1J5V_INDEX_5 ON PUBLIC.CUSTOMER(EMAIL NULLS FIRST) VALUES ( /* 1 */ 'john@example.com' )"; SQL statement:
insert into customer (id, email, name, phoneNumber) values (default, ?, ?, ?) [23505-210]
2025-11-14 13:09:14 SEVERE [uk.ac.new.ent.uti.RestServiceExceptionMapper] (executor-thread-0) Mapping RestServiceException with status Conflict, message: Conflict: Email exists, root cause: org.h2.jdbc.JdbcSQLIntegrityConstraintViolationException: Unique index or primary key violation: "PUBLIC.UKDWK6CX0AFU8BS9O4T536V1J5V_INDEX_5 ON PUBLIC.CUSTOMER(EMAIL NULLS FIRST) VALUES ( /* 1 */ 'john@example.com' )"; SQL statement:
insert into customer (id, email, name, phoneNumber) values (default, ?, ?, ?) [23505-210]
]]></system-out>
    <system-err><![CDATA[org.h2.jdbc.JdbcSQLIntegrityConstraintViolationException: Unique index or primary key violation: "PUBLIC.UKDWK6CX0AFU8BS9O4T536V1J5V_INDEX_5 ON PUBLIC.CUSTOMER(EMAIL NULLS FIRST) VALUES ( /* 1 */ 'john@example.com' )"; SQL statement:
insert into customer (id, email, name, phoneNumber) values (default, ?, ?, ?) [23505-210]
	at org.h2.message.DbException.getJdbcSQLException(DbException.java:527)
	at org.h2.message.DbException.getJdbcSQLException(DbException.java:496)
	at org.h2.message.DbException.get(DbException.java:227)
	at org.h2.message.DbException.get(DbException.java:203)
	at org.h2.index.Index.getDuplicateKeyException(Index.java:525)
	at org.h2.mvstore.db.MVSecondaryIndex.checkUnique(MVSecondaryIndex.java:223)
	at org.h2.mvstore.db.MVSecondaryIndex.add(MVSecondaryIndex.java:184)
	at org.h2.mvstore.db.MVTable.addRow(MVTable.java:519)
	at org.h2.command.dml.Insert.insertRows(Insert.java:174)
	at org.h2.command.dml.Insert.update(Insert.java:135)
	at org.h2.command.CommandContainer.executeUpdateWithGeneratedKeys(CommandContainer.java:247)
	at org.h2.command.CommandContainer.update(CommandContainer.java:168)
	at org.h2.command.Command.executeUpdate(Command.java:252)
	at org.h2.jdbc.JdbcPreparedStatement.executeUpdateInternal(JdbcPreparedStatement.java:209)
	at org.h2.jdbc.JdbcPreparedStatement.executeUpdate(JdbcPreparedStatement.java:169)
	at io.agroal.pool.wrapper.PreparedStatementWrapper.executeUpdate(PreparedStatementWrapper.java:88)
	at org.hibernate.engine.jdbc.internal.ResultSetReturnImpl.executeUpdate(ResultSetReturnImpl.java:197)
	at org.hibernate.dialect.identity.GetGeneratedKeysDelegate.executeAndExtract(GetGeneratedKeysDelegate.java:58)
	at org.hibernate.id.insert.AbstractReturningDelegate.performInsert(AbstractReturningDelegate.java:43)
	at org.hibernate.persister.entity.AbstractEntityPersister.insert(AbstractEntityPersister.java:3279)
	at org.hibernate.persister.entity.AbstractEntityPersister.insert(AbstractEntityPersister.java:3885)
	at org.hibernate.action.internal.EntityIdentityInsertAction.execute(EntityIdentityInsertAction.java:84)
	at org.hibernate.engine.spi.ActionQueue.execute(ActionQueue.java:645)
	at org.hibernate.engine.spi.ActionQueue.addResolvedEntityInsertAction(ActionQueue.java:282)
	at org.hibernate.engine.spi.ActionQueue.addInsertAction(ActionQueue.java:263)
	at org.hibernate.engine.spi.ActionQueue.addAction(ActionQueue.java:317)
	at org.hibernate.event.internal.AbstractSaveEventListener.addInsertAction(AbstractSaveEventListener.java:330)
	at org.hibernate.event.internal.AbstractSaveEventListener.performSaveOrReplicate(AbstractSaveEventListener.java:287)
	at org.hibernate.event.internal.AbstractSaveEventListener.performSave(AbstractSaveEventListener.java:193)
	at org.hibernate.event.internal.AbstractSaveEventListener.saveWithGeneratedId(AbstractSaveEventListener.java:123)
	at org.hibernate.event.internal.DefaultPersistEventListener.entityIsTransient(DefaultPersistEventListener.java:185)
	at org.hibernate.event.internal.DefaultPersistEventListener.onPersist(DefaultPersistEventListener.java:128)
	at org.hibernate.event.internal.DefaultPersistEventListener.onPersist(DefaultPersistEventListener.java:55)
	at org.hibernate.event.service.internal.EventListenerGroupImpl.fireEventOnEachListener(EventListenerGroupImpl.java:107)
	at org.hibernate.internal.SessionImpl.firePersist(SessionImpl.java:756)
	at org.hibernate.internal.SessionImpl.persist(SessionImpl.java:742)
	at io.quarkus.hibernate.orm.runtime.session.TransactionScopedSession.persist(TransactionScopedSession.java:144)
	at org.hibernate.engine.spi.SessionLazyDelegator.persist(SessionLazyDelegator.java:241)
	at org.hibernate.Session_5b93bee577ae2f8d76647de04cfab36afbf52958_Synthetic_ClientProxy.persist(Unknown Source)
	at uk.ac.newcastle.enterprisemiddleware.repository.CommonRepository.create(CommonRepository.java:37)
	at uk.ac.newcastle.enterprisemiddleware.customer.CustomerRepository_ClientProxy.create(Unknown Source)
	at uk.ac.newcastle.enterprisemiddleware.customer.CustomerService.createCustomer(CustomerService.java:54)
	at uk.ac.newcastle.enterprisemiddleware.customer.CustomerRestService.createCustomer(CustomerRestService.java:102)
	at uk.ac.newcastle.enterprisemiddleware.customer.CustomerRestService_Subclass.createCustomer$$superforward1(Unknown Source)
	at uk.ac.newcastle.enterprisemiddleware.customer.CustomerRestService_Subclass$$function$$1.apply(Unknown Source)
	at io.quarkus.arc.impl.AroundInvokeInvocationContext.proceed(AroundInvokeInvocationContext.java:53)
	at io.quarkus.hibernate.validator.runtime.interceptor.AbstractMethodValidationInterceptor.validateMethodInvocation(AbstractMethodValidationInterceptor.java:68)
	at io.quarkus.hibernate.validator.runtime.jaxrs.ResteasyReactiveEndPointValidationInterceptor.validateMethodInvocation(ResteasyReactiveEndPointValidationInterceptor.java:21)
	at io.quarkus.hibernate.validator.runtime.jaxrs.ResteasyReactiveEndPointValidationInterceptor_Bean.intercept(Unknown Source)
	at io.quarkus.arc.impl.InterceptorInvocation.invoke(InterceptorInvocation.java:41)
	at io.quarkus.arc.impl.AroundInvokeInvocationContext.proceed(AroundInvokeInvocationContext.java:49)
	at io.quarkus.narayana.jta.runtime.interceptor.TransactionalInterceptorBase.invokeInOurTx(TransactionalInterceptorBase.java:133)
	at io.quarkus.narayana.jta.runtime.interceptor.TransactionalInterceptorBase.invokeInOurTx(TransactionalInterceptorBase.java:104)
	at io.quarkus.narayana.jta.runtime.interceptor.TransactionalInterceptorRequired.doIntercept(TransactionalInterceptorRequired.java:38)
	at io.quarkus.narayana.jta.runtime.interceptor.TransactionalInterceptorBase.intercept(TransactionalInterceptorBase.java:58)
	at io.quarkus.narayana.jta.runtime.interceptor.TransactionalInterceptorRequired.intercept(TransactionalInterceptorRequired.java:32)
	at io.quarkus.narayana.jta.runtime.interceptor.TransactionalInterceptorRequired_Bean.intercept(Unknown Source)
	at io.quarkus.arc.impl.InterceptorInvocation.invoke(InterceptorInvocation.java:41)
	at io.quarkus.arc.impl.AroundInvokeInvocationContext.perform(AroundInvokeInvocationContext.java:40)
	at io.quarkus.arc.impl.InvocationContexts.performAroundInvoke(InvocationContexts.java:32)
	at uk.ac.newcastle.enterprisemiddleware.customer.CustomerRestService_Subclass.createCustomer(Unknown Source)
	at uk.ac.newcastle.enterprisemiddleware.customer.CustomerRestService$quarkusrestinvoker$createCustomer_da8dc15854af25e2a9b3c1dbc1c8f2b1939f732d.invoke(Unknown Source)
	at org.jboss.resteasy.reactive.server.handlers.InvocationHandler.handle(InvocationHandler.java:29)
	at io.quarkus.resteasy.reactive.server.runtime.QuarkusResteasyReactiveRequestContext.invokeHandler(QuarkusResteasyReactiveRequestContext.java:108)
	at org.jboss.resteasy.reactive.common.core.AbstractResteasyReactiveContext.run(AbstractResteasyReactiveContext.java:140)
	at io.quarkus.vertx.core.runtime.VertxCoreRecorder$14.runWith(VertxCoreRecorder.java:555)
	at org.jboss.threads.EnhancedQueueExecutor$Task.run(EnhancedQueueExecutor.java:2449)
	at org.jboss.threads.EnhancedQueueExecutor$ThreadBody.run(EnhancedQueueExecutor.java:1478)
	at org.jboss.threads.DelegatingRunnable.run(DelegatingRunnable.java:29)
	at org.jboss.threads.ThreadLocalResettingRunnable.run(ThreadLocalResettingRunnable.java:29)
	at io.netty.util.concurrent.FastThreadLocalRunnable.run(FastThreadLocalRunnable.java:30)
	at java.base/java.lang.Thread.run(Thread.java:833)
]]></system-err>
  </testcase>
  <testcase name="testRetrieveCustomerByIdSuccess" classname="uk.ac.newcastle.enterprisemiddleware.customer.CustomerRestServiceTest" time="0.253">
    <system-out><![CDATA[Hibernate: 
    select
        customer0_.id as id1_1_0_,
        customer0_.email as email2_1_0_,
        customer0_.name as name3_1_0_,
        customer0_.phoneNumber as phonenum4_1_0_ 
    from
        customer customer0_ 
    where
        customer0_.id=?
2025-11-14 13:09:14 INFO  [uk.ac.new.ent.cus.CustomerRestService] (executor-thread-0) Id:1 . Customer: Customer{id=1, name='John', email='john@example.com', phoneNumber='01234567890'}
Hibernate: 
    select
        bookings0_.customer_id as customer5_2_1_,
        bookings0_.id as id1_2_1_,
        bookings0_.id as id1_2_0_,
        bookings0_.booking_date as booking_2_2_0_,
        bookings0_.booking_entity as booking_3_2_0_,
        bookings0_.customer_id as customer5_2_0_,
        bookings0_.status as status4_2_0_ 
    from
        global_booking bookings0_ 
    where
        bookings0_.customer_id=?
]]></system-out>
  </testcase>
  <testcase name="testRetrieveCustomerByIdNotFound" classname="uk.ac.newcastle.enterprisemiddleware.customer.CustomerRestServiceTest" time="0.083">
    <system-out><![CDATA[Hibernate: 
    select
        customer0_.id as id1_1_0_,
        customer0_.email as email2_1_0_,
        customer0_.name as name3_1_0_,
        customer0_.phoneNumber as phonenum4_1_0_ 
    from
        customer customer0_ 
    where
        customer0_.id=?
2025-11-14 13:09:14 SEVERE [uk.ac.new.ent.uti.RestServiceExceptionMapper] (executor-thread-0) Mapping RestServiceException with status Not Found, message: No Customer with ID 99999 was found!, root cause: uk.ac.newcastle.enterprisemiddleware.util.RestServiceException: No Customer with ID 99999 was found!
]]></system-out>
    <system-err><![CDATA[uk.ac.newcastle.enterprisemiddleware.util.RestServiceException: No Customer with ID 99999 was found!
	at uk.ac.newcastle.enterprisemiddleware.customer.CustomerRestService.retrieveCustomerById(CustomerRestService.java:57)
	at uk.ac.newcastle.enterprisemiddleware.customer.CustomerRestService$quarkusrestinvoker$retrieveCustomerById_b34680b208aaf6f601e690ba81572324bed5a2f5.invoke(Unknown Source)
	at org.jboss.resteasy.reactive.server.handlers.InvocationHandler.handle(InvocationHandler.java:29)
	at io.quarkus.resteasy.reactive.server.runtime.QuarkusResteasyReactiveRequestContext.invokeHandler(QuarkusResteasyReactiveRequestContext.java:108)
	at org.jboss.resteasy.reactive.common.core.AbstractResteasyReactiveContext.run(AbstractResteasyReactiveContext.java:140)
	at io.quarkus.vertx.core.runtime.VertxCoreRecorder$14.runWith(VertxCoreRecorder.java:555)
	at org.jboss.threads.EnhancedQueueExecutor$Task.run(EnhancedQueueExecutor.java:2449)
	at org.jboss.threads.EnhancedQueueExecutor$ThreadBody.run(EnhancedQueueExecutor.java:1478)
	at org.jboss.threads.DelegatingRunnable.run(DelegatingRunnable.java:29)
	at org.jboss.threads.ThreadLocalResettingRunnable.run(ThreadLocalResettingRunnable.java:29)
	at io.netty.util.concurrent.FastThreadLocalRunnable.run(FastThreadLocalRunnable.java:30)
	at java.base/java.lang.Thread.run(Thread.java:833)
]]></system-err>
  </testcase>
  <testcase name="testRetrieveAllCustomersBookingInfo" classname="uk.ac.newcastle.enterprisemiddleware.customer.CustomerRestServiceTest" time="0.268">
    <system-out><![CDATA[Hibernate: 
    select
        distinct customer0_.id as id1_1_0_,
        bookings1_.id as id1_2_1_,
        customer0_.email as email2_1_0_,
        customer0_.name as name3_1_0_,
        customer0_.phoneNumber as phonenum4_1_0_,
        bookings1_.booking_date as booking_2_2_1_,
        bookings1_.booking_entity as booking_3_2_1_,
        bookings1_.customer_id as customer5_2_1_,
        bookings1_.status as status4_2_1_,
        bookings1_.customer_id as customer5_2_0__,
        bookings1_.id as id1_2_0__ 
    from
        customer customer0_ 
    left outer join
        global_booking bookings1_ 
            on customer0_.id=bookings1_.customer_id
]]></system-out>
  </testcase>
</testsuite>